Mono path[0] = 'D:/Unity Hub/Project/CrossyRoadEX/Executable/v2.1/CRML_Data/Managed'
Mono config path = 'D:/Unity Hub/Project/CrossyRoadEX/Executable/v2.1/MonoBleedingEdge/etc'
Initialize engine version: 2020.3.25f1 (9b9180224418)
[Subsystems] Discovering subsystems at path D:/Unity Hub/Project/CrossyRoadEX/Executable/v2.1/CRML_Data/UnitySubsystems
GfxDevice: creating device client; threaded=1
Direct3D:
    Version:  Direct3D 11.0 [level 11.1]
    Renderer: NVIDIA GeForce GTX 1050 (ID=0x1c92)
    Vendor:   (null)
    VRAM:     3072 MB
    Driver:   31.0.15.2225
Begin MonoManager ReloadAssembly
- Completed reload, in  0.098 seconds
<RI> Initializing input.
<RI> Input initialized.
<RI> Initialized touch support.
UnloadTime: 0.674000 ms
Fallback handler could not load library D:/Unity Hub/Project/CrossyRoadEX/Executable/v2.1/CRML_Data/Mono/libcoreclr.so
Fallback handler could not load library D:/Unity Hub/Project/CrossyRoadEX/Executable/v2.1/CRML_Data/Mono/libcoreclr.so.dll
Fallback handler could not load library D:/Unity Hub/Project/CrossyRoadEX/Executable/v2.1/CRML_Data/Mono/libcoreclr.so
Fallback handler could not load library D:/Unity Hub/Project/CrossyRoadEX/Executable/v2.1/CRML_Data/Mono/libdl.so
Fallback handler could not load library D:/Unity Hub/Project/CrossyRoadEX/Executable/v2.1/CRML_Data/Mono/libdl.so.dll
Fallback handler could not load library D:/Unity Hub/Project/CrossyRoadEX/Executable/v2.1/CRML_Data/Mono/libdl.so
Fallback handler could not load library D:/Unity Hub/Project/CrossyRoadEX/Executable/v2.1/CRML_Data/Mono/libSystem.dylib
Fallback handler could not load library D:/Unity Hub/Project/CrossyRoadEX/Executable/v2.1/CRML_Data/Mono/libSystem.dylib.dll
Fallback handler could not load library D:/Unity Hub/Project/CrossyRoadEX/Executable/v2.1/CRML_Data/Mono/libSystem.dylib
Fallback handler could not load library D:/Unity Hub/Project/CrossyRoadEX/Executable/v2.1/CRML_Data/Mono/libcoreclr.so
Fallback handler could not load library D:/Unity Hub/Project/CrossyRoadEX/Executable/v2.1/CRML_Data/Mono/libcoreclr.so.dll
Fallback handler could not load library D:/Unity Hub/Project/CrossyRoadEX/Executable/v2.1/CRML_Data/Mono/libcoreclr.so
Fallback handler could not load library D:/Unity Hub/Project/CrossyRoadEX/Executable/v2.1/CRML_Data/Mono/libdl.so
Fallback handler could not load library D:/Unity Hub/Project/CrossyRoadEX/Executable/v2.1/CRML_Data/Mono/libdl.so.dll
Fallback handler could not load library D:/Unity Hub/Project/CrossyRoadEX/Executable/v2.1/CRML_Data/Mono/libdl.so
Fallback handler could not load library D:/Unity Hub/Project/CrossyRoadEX/Executable/v2.1/CRML_Data/Mono/libSystem.dylib
Fallback handler could not load library D:/Unity Hub/Project/CrossyRoadEX/Executable/v2.1/CRML_Data/Mono/libSystem.dylib.dll
Fallback handler could not load library D:/Unity Hub/Project/CrossyRoadEX/Executable/v2.1/CRML_Data/Mono/libSystem.dylib
Setting up 4 worker threads for Enlighten.
  Thread -> id: 2658 -> priority: 1 
  Thread -> id: 1d28 -> priority: 1 
  Thread -> id: 41f8 -> priority: 1 
  Thread -> id: 2db8 -> priority: 1 
